<?xml version="1.0" encoding="UTF-8"?>
<robot generator="Robot 5.0.1 (Python 3.10.4 on darwin)" generated="20220615 16:41:02.371" rpa="false" schemaversion="3">
<suite id="s1" name="signUp" source="/Users/ula/PycharmProjects/signUpCermati/signUp.robot">
<test id="s1-t1" name="SignUpCermati" line="11">
<kw name="Open Browser" library="SeleniumLibrary">
<arg>${url}</arg>
<arg>${browser}</arg>
<doc>Opens a new browser instance to the optional ``url``.</doc>
<msg timestamp="20220615 16:41:02.611" level="INFO">Opening browser 'chrome' to base url 'https://www.cermati.com/app/gabung'.</msg>
<status status="PASS" starttime="20220615 16:41:02.611" endtime="20220615 16:41:07.353"/>
</kw>
<kw name="Maximize Browser Window" library="SeleniumLibrary">
<doc>Maximizes current browser window.</doc>
<status status="PASS" starttime="20220615 16:41:07.354" endtime="20220615 16:41:07.498"/>
</kw>
<kw name="Title Should Be" library="SeleniumLibrary">
<arg>Cermati: Pinjaman, Kartu Kredit, Asuransi &amp; Tabungan Online Terbaik</arg>
<doc>Verifies that the current page title equals ``title``.</doc>
<msg timestamp="20220615 16:41:07.502" level="INFO">Page title is 'Cermati: Pinjaman, Kartu Kredit, Asuransi &amp; Tabungan Online Terbaik'.</msg>
<status status="PASS" starttime="20220615 16:41:07.498" endtime="20220615 16:41:07.502"/>
</kw>
<kw name="Sleep" library="BuiltIn">
<arg>2</arg>
<doc>Pauses the test executed for the given time.</doc>
<msg timestamp="20220615 16:41:09.503" level="INFO">Slept 2 seconds</msg>
<status status="PASS" starttime="20220615 16:41:07.502" endtime="20220615 16:41:09.504"/>
</kw>
<kw name="Input Text" library="SeleniumLibrary">
<arg>id=email</arg>
<arg>testcermati6@mailinator.com</arg>
<doc>Types the given ``text`` into the text field identified by ``locator``.</doc>
<msg timestamp="20220615 16:41:09.508" level="INFO">Typing text 'testcermati6@mailinator.com' into text field 'id=email'.</msg>
<status status="PASS" starttime="20220615 16:41:09.504" endtime="20220615 16:41:09.835"/>
</kw>
<kw name="Input Text" library="SeleniumLibrary">
<arg>id=mobilePhone</arg>
<arg>085111222444</arg>
<doc>Types the given ``text`` into the text field identified by ``locator``.</doc>
<msg timestamp="20220615 16:41:09.835" level="INFO">Typing text '085111222444' into text field 'id=mobilePhone'.</msg>
<status status="PASS" starttime="20220615 16:41:09.835" endtime="20220615 16:41:09.954"/>
</kw>
<kw name="Input Password" library="SeleniumLibrary">
<arg>id=password</arg>
<arg>Testcermati123</arg>
<doc>Types the given password into the text field identified by ``locator``.</doc>
<msg timestamp="20220615 16:41:09.955" level="INFO">Typing password into text field 'id=password'.</msg>
<msg timestamp="20220615 16:41:09.993" level="INFO">Temporally setting log level to: NONE</msg>
<msg timestamp="20220615 16:41:10.082" level="INFO">Log level changed from NONE to INFO.</msg>
<status status="PASS" starttime="20220615 16:41:09.955" endtime="20220615 16:41:10.082"/>
</kw>
<kw name="Input Password" library="SeleniumLibrary">
<arg>id=confirmPassword</arg>
<arg>Testcermati123</arg>
<doc>Types the given password into the text field identified by ``locator``.</doc>
<msg timestamp="20220615 16:41:10.082" level="INFO">Typing password into text field 'id=confirmPassword'.</msg>
<msg timestamp="20220615 16:41:10.123" level="INFO">Temporally setting log level to: NONE</msg>
<msg timestamp="20220615 16:41:10.195" level="INFO">Log level changed from NONE to INFO.</msg>
<status status="PASS" starttime="20220615 16:41:10.082" endtime="20220615 16:41:10.196"/>
</kw>
<kw name="Input Text" library="SeleniumLibrary">
<arg>id=firstName</arg>
<arg>Yeddy</arg>
<doc>Types the given ``text`` into the text field identified by ``locator``.</doc>
<msg timestamp="20220615 16:41:10.196" level="INFO">Typing text 'Yeddy' into text field 'id=firstName'.</msg>
<status status="PASS" starttime="20220615 16:41:10.196" endtime="20220615 16:41:10.305"/>
</kw>
<kw name="Input Text" library="SeleniumLibrary">
<arg>id=lastName</arg>
<arg>Juli</arg>
<doc>Types the given ``text`` into the text field identified by ``locator``.</doc>
<msg timestamp="20220615 16:41:10.306" level="INFO">Typing text 'Juli' into text field 'id=lastName'.</msg>
<status status="PASS" starttime="20220615 16:41:10.306" endtime="20220615 16:41:10.378"/>
</kw>
<kw name="Input Text" library="SeleniumLibrary">
<arg>id=cityAndProvince</arg>
<arg>Depok</arg>
<doc>Types the given ``text`` into the text field identified by ``locator``.</doc>
<msg timestamp="20220615 16:41:10.378" level="INFO">Typing text 'Depok' into text field 'id=cityAndProvince'.</msg>
<status status="PASS" starttime="20220615 16:41:10.378" endtime="20220615 16:41:10.451"/>
</kw>
<kw name="Sleep" library="BuiltIn">
<arg>3</arg>
<doc>Pauses the test executed for the given time.</doc>
<msg timestamp="20220615 16:41:13.453" level="INFO">Slept 3 seconds</msg>
<status status="PASS" starttime="20220615 16:41:10.451" endtime="20220615 16:41:13.454"/>
</kw>
<kw name="Click Button" library="SeleniumLibrary">
<arg>xpath://button[normalize-space()='KOTA DEPOK']</arg>
<doc>Clicks the button identified by ``locator``.</doc>
<msg timestamp="20220615 16:41:13.455" level="INFO">Clicking button 'xpath://button[normalize-space()='KOTA DEPOK']'.</msg>
<status status="PASS" starttime="20220615 16:41:13.454" endtime="20220615 16:41:13.532"/>
</kw>
<kw name="Wait Until Element Contains" library="SeleniumLibrary">
<arg>xpath://p[contains(text(),'Daftar')]</arg>
<arg>Daftar</arg>
<arg>timeout=3s</arg>
<doc>Waits until the element ``locator`` contains ``text``.</doc>
<status status="PASS" starttime="20220615 16:41:13.532" endtime="20220615 16:41:13.558"/>
</kw>
<kw name="Click Element" library="SeleniumLibrary">
<arg>xpath://p[contains(text(),'Daftar')]</arg>
<doc>Click the element identified by ``locator``.</doc>
<msg timestamp="20220615 16:41:13.559" level="INFO">Clicking element 'xpath://p[contains(text(),'Daftar')]'.</msg>
<status status="PASS" starttime="20220615 16:41:13.558" endtime="20220615 16:41:13.708"/>
</kw>
<kw name="Wait Until Element Contains" library="SeleniumLibrary">
<arg>xpath://h2[contains(text(),'Kode OTP Terkirim')]</arg>
<arg>Kode OTP</arg>
<arg>timeout=5s</arg>
<doc>Waits until the element ``locator`` contains ``text``.</doc>
<status status="PASS" starttime="20220615 16:41:13.709" endtime="20220615 16:41:15.991"/>
</kw>
<kw name="Close Browser" library="SeleniumLibrary">
<doc>Closes the current browser.</doc>
<status status="PASS" starttime="20220615 16:41:15.991" endtime="20220615 16:41:16.100"/>
</kw>
<status status="PASS" starttime="20220615 16:41:02.610" endtime="20220615 16:41:16.101"/>
</test>
<status status="PASS" starttime="20220615 16:41:02.375" endtime="20220615 16:41:16.103"/>
</suite>
<statistics>
<total>
<stat pass="1" fail="0" skip="0">All Tests</stat>
</total>
<tag>
</tag>
<suite>
<stat pass="1" fail="0" skip="0" id="s1" name="signUp">signUp</stat>
</suite>
</statistics>
<errors>
</errors>
</robot>
